#
# There is insufficient memory for the Java Runtime Environment to continue.
# Native memory allocation (mmap) failed to map 402653184 bytes for G1 virtual space
# Possible reasons:
#   The system is out of physical RAM or swap space
#   The process is running with CompressedOops enabled, and the Java Heap may be blocking the growth of the native heap
# Possible solutions:
#   Reduce memory load on the system
#   Increase physical memory or swap space
#   Check if swap backing store is full
#   Decrease Java heap size (-Xmx/-Xms)
#   Decrease number of Java threads
#   Decrease Java thread stack sizes (-Xss)
#   Set larger code cache with -XX:ReservedCodeCacheSize=
#   JVM is running with Zero Based Compressed Oops mode in which the Java heap is
#     placed in the first 32GB address space. The Java Heap base address is the
#     maximum limit for the native heap growth. Please use -XX:HeapBaseMinAddress
#     to set the Java Heap base and to place the Java Heap above 32GB virtual address.
# This output file may be truncated or incomplete.
#
#  Out of Memory Error (os_windows.cpp:3769), pid=28476, tid=11764
#
# JRE version:  (17.0.6+10) (build )
# Java VM: OpenJDK 64-Bit Server VM (17.0.6+10-b829.9, mixed mode, sharing, tiered, compressed oops, compressed class ptrs, g1 gc, windows-amd64)
# No core dump will be written. Minidumps are not enabled by default on client versions of Windows
#

---------------  S U M M A R Y ------------

Command Line: git4idea.http.GitAskPassApp Username for 'https://github.com': 

Host: AMD Ryzen 5 3600 6-Core Processor              , 12 cores, 23G,  Windows 10 , 64 bit Build 19041 (10.0.19041.3031)
Time: Tue Jul  4 00:53:37 2023 FLE Daylight Time elapsed time: 0.010944 seconds (0d 0h 0m 0s)

---------------  T H R E A D  ---------------

Current thread (0x0000010f4ebdb0b0):  JavaThread "Unknown thread" [_thread_in_vm, id=11764, stack(0x0000000a8e800000,0x0000000a8e900000)]

Stack: [0x0000000a8e800000,0x0000000a8e900000]
Native frames: (J=compiled Java code, j=interpreted, Vv=VM code, C=native code)
V  [jvm.dll+0x683c5a]
V  [jvm.dll+0x842764]
V  [jvm.dll+0x843f5e]
V  [jvm.dll+0x8445c3]
V  [jvm.dll+0x249b75]
V  [jvm.dll+0x680b29]
V  [jvm.dll+0x67501a]
V  [jvm.dll+0x309acb]
V  [jvm.dll+0x310f86]
V  [jvm.dll+0x3608ee]
V  [jvm.dll+0x360b1f]
V  [jvm.dll+0x2dfbf8]
V  [jvm.dll+0x2e0b64]
V  [jvm.dll+0x814051]
V  [jvm.dll+0x36e6a1]
V  [jvm.dll+0x7f358c]
V  [jvm.dll+0x3f0e8f]
V  [jvm.dll+0x3f29d1]
C  [jli.dll+0x526b]
C  [ucrtbase.dll+0x21bb2]
C  [KERNEL32.DLL+0x17614]
C  [ntdll.dll+0x526f1]


---------------  P R O C E S S  ---------------

Threads class SMR info:
_java_thread_list=0x00007ffa90cdc058, length=0, elements={
}

Java Threads: ( => current thread )

Other Threads:
  0x0000010f4ec66ae0 GCTaskThread "GC Thread#0" [stack: 0x0000000a8e900000,0x0000000a8ea00000] [id=3136]
  0x0000010f4ec749b0 ConcurrentGCThread "G1 Main Marker" [stack: 0x0000000a8ea00000,0x0000000a8eb00000] [id=8896]
  0x0000010f4ec75b60 ConcurrentGCThread "G1 Conc#0" [stack: 0x0000000a8eb00000,0x0000000a8ec00000] [id=9536]

[error occurred during error reporting (printing all threads), id 0xc0000005, EXCEPTION_ACCESS_VIOLATION (0xc0000005) at pc=0x00007ffa90490797]

VM state: not at safepoint (not fully initialized)

VM Mutex/Monitor currently owned by a thread:  ([mutex/lock_event])
[0x0000010f4ebd52d0] Heap_lock - owner thread: 0x0000010f4ebdb0b0

Heap address: 0x0000000681000000, size: 6128 MB, Compressed Oops mode: Zero based, Oop shift amount: 3

CDS archive(s) mapped at: [0x0000000000000000-0x0000000000000000-0x0000000000000000), size 0, SharedBaseAddress: 0x0000000800000000, ArchiveRelocationMode: 0.
Narrow klass base: 0x0000000000000000, Narrow klass shift: 0, Narrow klass range: 0x0

GC Precious Log:
<Empty>

Heap:
 garbage-first heap   total 0K, used 0K [0x0000000681000000, 0x0000000800000000)
  region size 4096K, 0 young (0K), 0 survivors (0K)

[error occurred during error reporting (printing heap information), id 0xc0000005, EXCEPTION_ACCESS_VIOLATION (0xc0000005) at pc=0x00007ffa9087da49]

GC Heap History (0 events):
No events

Dll operation events (1 events):
Event: 0.007 Loaded shared library C:\Program Files\JetBrains\JetBrains Rider 2022.3.1\jbr\bin\java.dll

Deoptimization events (0 events):
No events

Classes unloaded (0 events):
No events

Classes redefined (0 events):
No events

Internal exceptions (0 events):
No events

VM Operations (0 events):
No events

Events (0 events):
No events


Dynamic libraries:
0x00007ff75e1f0000 - 0x00007ff75e1fa000 	C:\Program Files\JetBrains\JetBrains Rider 2022.3.1\jbr\bin\java.exe
0x00007ffaff550000 - 0x00007ffaff748000 	C:\Windows\SYSTEM32\ntdll.dll
0x00007ffafd790000 - 0x00007ffafd84f000 	C:\Windows\System32\KERNEL32.DLL
0x00007ffafd2b0000 - 0x00007ffafd5a6000 	C:\Windows\System32\KERNELBASE.dll
0x00007ffafd060000 - 0x00007ffafd160000 	C:\Windows\System32\ucrtbase.dll
0x00007ffa88980000 - 0x00007ffa8899b000 	C:\Program Files\JetBrains\JetBrains Rider 2022.3.1\jbr\bin\VCRUNTIME140.dll
0x00007ffadd680000 - 0x00007ffadd697000 	C:\Program Files\JetBrains\JetBrains Rider 2022.3.1\jbr\bin\jli.dll
0x00007ffafe9e0000 - 0x00007ffafeb7d000 	C:\Windows\System32\USER32.dll
0x00007ffaf0340000 - 0x00007ffaf05da000 	C:\Windows\WinSxS\amd64_microsoft.windows.common-controls_6595b64144ccf1df_6.0.19041.1110_none_60b5254171f9507e\COMCTL32.dll
0x00007ffafced0000 - 0x00007ffafcef2000 	C:\Windows\System32\win32u.dll
0x00007ffafeb80000 - 0x00007ffafec1e000 	C:\Windows\System32\msvcrt.dll
0x00007ffaff3b0000 - 0x00007ffaff3dc000 	C:\Windows\System32\GDI32.dll
0x00007ffafccc0000 - 0x00007ffafcdd5000 	C:\Windows\System32\gdi32full.dll
0x00007ffafce30000 - 0x00007ffafcecd000 	C:\Windows\System32\msvcp_win.dll
0x00007ffafee20000 - 0x00007ffafee50000 	C:\Windows\System32\IMM32.DLL
0x00007ffa89e60000 - 0x00007ffa89e6c000 	C:\Program Files\JetBrains\JetBrains Rider 2022.3.1\jbr\bin\vcruntime140_1.dll
0x00007ffa83830000 - 0x00007ffa838bd000 	C:\Program Files\JetBrains\JetBrains Rider 2022.3.1\jbr\bin\msvcp140.dll
0x00007ffa901a0000 - 0x00007ffa90e0e000 	C:\Program Files\JetBrains\JetBrains Rider 2022.3.1\jbr\bin\server\jvm.dll
0x00007ffafde30000 - 0x00007ffafdedf000 	C:\Windows\System32\ADVAPI32.dll
0x00007ffafed00000 - 0x00007ffafed9c000 	C:\Windows\System32\sechost.dll
0x00007ffafdd00000 - 0x00007ffafde26000 	C:\Windows\System32\RPCRT4.dll
0x00007ffaec600000 - 0x00007ffaec609000 	C:\Windows\SYSTEM32\WSOCK32.dll
0x00007ffaf2e50000 - 0x00007ffaf2e77000 	C:\Windows\SYSTEM32\WINMM.dll
0x00007ffafb390000 - 0x00007ffafb39a000 	C:\Windows\SYSTEM32\VERSION.dll
0x00007ffafe010000 - 0x00007ffafe07b000 	C:\Windows\System32\WS2_32.dll
0x00007ffafb490000 - 0x00007ffafb4a2000 	C:\Windows\SYSTEM32\kernel.appcore.dll
0x00007ffafb300000 - 0x00007ffafb30a000 	C:\Program Files\JetBrains\JetBrains Rider 2022.3.1\jbr\bin\jimage.dll
0x00007ffaf0ed0000 - 0x00007ffaf10b4000 	C:\Windows\SYSTEM32\DBGHELP.DLL
0x00007ffaeabb0000 - 0x00007ffaeabe4000 	C:\Windows\SYSTEM32\dbgcore.DLL
0x00007ffafcc30000 - 0x00007ffafccb2000 	C:\Windows\System32\bcryptPrimitives.dll
0x00007ffaec330000 - 0x00007ffaec355000 	C:\Program Files\JetBrains\JetBrains Rider 2022.3.1\jbr\bin\java.dll

dbghelp: loaded successfully - version: 4.0.5 - missing functions: none
symbol engine: initialized successfully - sym options: 0x614 - pdb path: .;C:\Program Files\JetBrains\JetBrains Rider 2022.3.1\jbr\bin;C:\Windows\SYSTEM32;C:\Windows\WinSxS\amd64_microsoft.windows.common-controls_6595b64144ccf1df_6.0.19041.1110_none_60b5254171f9507e;C:\Program Files\JetBrains\JetBrains Rider 2022.3.1\jbr\bin\server

VM Arguments:
java_command: git4idea.http.GitAskPassApp Username for 'https://github.com': 
java_class_path (initial): C:/Program Files/JetBrains/JetBrains Rider 2022.3.1/plugins/vcs-git/lib/git4idea-rt.jar;C:/Program Files/JetBrains/JetBrains Rider 2022.3.1/lib/externalProcess-rt.jar
Launcher Type: SUN_STANDARD

[Global flags]
     intx CICompilerCount                          = 4                                         {product} {ergonomic}
     uint ConcGCThreads                            = 3                                         {product} {ergonomic}
     uint G1ConcRefinementThreads                  = 10                                        {product} {ergonomic}
   size_t G1HeapRegionSize                         = 4194304                                   {product} {ergonomic}
    uintx GCDrainStackTargetSize                   = 64                                        {product} {ergonomic}
   size_t InitialHeapSize                          = 402653184                                 {product} {ergonomic}
   size_t MarkStackSize                            = 4194304                                   {product} {ergonomic}
   size_t MaxHeapSize                              = 6425673728                                {product} {ergonomic}
   size_t MinHeapDeltaBytes                        = 4194304                                   {product} {ergonomic}
   size_t MinHeapSize                              = 8388608                                   {product} {ergonomic}
    uintx NonNMethodCodeHeapSize                   = 5839372                                {pd product} {ergonomic}
    uintx NonProfiledCodeHeapSize                  = 122909434                              {pd product} {ergonomic}
    uintx ProfiledCodeHeapSize                     = 122909434                              {pd product} {ergonomic}
    uintx ReservedCodeCacheSize                    = 251658240                              {pd product} {ergonomic}
     bool SegmentedCodeCache                       = true                                      {product} {ergonomic}
   size_t SoftMaxHeapSize                          = 6425673728                             {manageable} {ergonomic}
     bool UseCompressedClassPointers               = true                           {product lp64_product} {ergonomic}
     bool UseCompressedOops                        = true                           {product lp64_product} {ergonomic}
     bool UseG1GC                                  = true                                      {product} {ergonomic}
     bool UseLargePagesIndividualAllocation        = false                                  {pd product} {ergonomic}

Logging:
Log output configuration:
 #0: stdout all=warning uptime,level,tags
 #1: stderr all=off uptime,level,tags

Environment Variables:
PATH=D:/Programs/Git/mingw64/libexec/git-core;D:/Programs/Git/mingw64/libexec/git-core;D:\Programs\Git\mingw64\bin;D:\Programs\Git\usr\bin;C:\Users\Ivan\bin;C:\Program Files\Microsoft MPI\Bin\;C:\ProgramData\Oracle\Java\javapath;C:\Windows\system32;C:\Windows;C:\Windows\System32\Wbem;C:\Windows\System32\WindowsPowerShell\v1.0\;C:\Windows\System32\OpenSSH\;C:\Program Files\NVIDIA Corporation\NVIDIA NvDLISR;C:\Program Files (x86)\NVIDIA Corporation\PhysX\Common;C:\Program Files\dotnet\;D:\Programs\Git\cmd;D:\sqlServer\160\Tools\Binn\;C:\Program Files\Microsoft SQL Server\160\Tools\Binn\;C:\Program Files\Microsoft SQL Server\Client SDK\ODBC\170\Tools\Binn\;C:\Program Files\Microsoft SQL Server\160\DTS\Binn\;D:\sqlServer\160\DTS\Binn\;C:\Program Files\Azure Data Studio\bin;C:\Program Files\Git LFS;C:\Users\Ivan\AppData\Local\Microsoft\WindowsApps;C:\Users\Ivan\.dotnet\tools;C:\Program Files\Azure Data Studio\bin
USERNAME=Ivan
DISPLAY=:0.0
LC_ALL=en_US.UTF-8
TERM=xterm-256color
TMPDIR=C:\Users\Ivan\AppData\Local\Temp
OS=Windows_NT
PROCESSOR_IDENTIFIER=AMD64 Family 23 Model 113 Stepping 0, AuthenticAMD
TMP=C:\Users\Ivan\AppData\Local\Temp
TEMP=C:\Users\Ivan\AppData\Local\Temp


JNI global refs:

[error occurred during error reporting (JNI global references), id 0xc0000005, EXCEPTION_ACCESS_VIOLATION (0xc0000005) at pc=0x00007ffa90257a10]


---------------  S Y S T E M  ---------------

OS:
 Windows 10 , 64 bit Build 19041 (10.0.19041.3031)
OS uptime: 0 days 13:23 hours

CPU: total 12 (initial active 12) (12 cores per cpu, 2 threads per core) family 23 model 113 stepping 0 microcode 0x0, cx8, cmov, fxsr, ht, mmx, 3dnowpref, sse, sse2, sse3, ssse3, sse4a, sse4.1, sse4.2, popcnt, lzcnt, tsc, tscinvbit, avx, avx2, aes, clmul, bmi1, bmi2, adx, sha, fma, vzeroupper, clflush, clflushopt

Memory: 4k page, system-wide physical 24504M (6724M free)
TotalPageFile size 34399M (AvailPageFile size 242M)
current process WorkingSet (physical memory assigned to process): 10M, peak: 10M
current process commit charge ("private bytes"): 64M, peak: 448M

vm_info: OpenJDK 64-Bit Server VM (17.0.6+10-b829.9) for windows-amd64 JRE (17.0.6+10-b829.9), built on 2023-04-09 by "builduser" with MS VC++ 16.10 / 16.11 (VS2019)

END.
